Running Sequential Jacobi for Grid Size: 50 with Tolerance: 1e-1
Running Sequential Jacobi for Grid Size: 50 with Tolerance: 1e-3
Running Sequential Jacobi for Grid Size: 50 with Tolerance: 1e-6
Running Sequential Jacobi for Grid Size: 100 with Tolerance: 1e-1
Running Sequential Jacobi for Grid Size: 100 with Tolerance: 1e-3
Running Sequential Jacobi for Grid Size: 100 with Tolerance: 1e-6
Running Sequential Jacobi for Grid Size: 200 with Tolerance: 1e-1
Running Sequential Jacobi for Grid Size: 200 with Tolerance: 1e-3

------------------------------------------------------------
Sender: LSF System <lsfadmin@hpc.dtu.dk>
Subject: Job 23785718: <NONAME> in cluster <dcc> Exited

Job <NONAME> was submitted from host <n-62-27-23> by user <s230274> in cluster <dcc> at Fri Jan 17 17:49:59 2025
Job was executed on host(s) <n-62-31-23>, in queue <hpc>, as user <s230274> in cluster <dcc> at Fri Jan 17 17:50:01 2025
</zhome/97/2/198344> was used as the home directory.
</zhome/97/2/198344/assignment_2/his_version> was used as the working directory.
Started at Fri Jan 17 17:50:01 2025
Terminated at Fri Jan 17 17:50:11 2025
Results reported at Fri Jan 17 17:50:11 2025

Your job looked like:

------------------------------------------------------------
# LSBATCH: User input
#!/bin/bash

OUTPUT_FILE="jacobi_convergence.data"

# Define grid sizes and tolerances
GRID_SIZES=(50 100 200 300)
TOLERANCES=(1e-1 1e-3 1e-6)

# Write the header
echo "# Iteration Grid_Size Tolerance Diff" > $OUTPUT_FILE

for N in "${GRID_SIZES[@]}"; do
    for T in "${TOLERANCES[@]}"; do
        echo "Running Sequential Jacobi for Grid Size: $N with Tolerance: $T"

        # Run Jacobi with version 0 (sequential)
        output=$(./poisson_j $N 1000 $T 20 0)

        # Extract iteration number and diff values correctly
        echo "$output" | awk -v N="$N" -v T="$T" '/Iteration/ {print $2, N, T, $(NF)}' >> $OUTPUT_FILE

    done
done

echo "Data saved to $OUTPUT_FILE"

------------------------------------------------------------

TERM_OWNER: job killed by owner.
Exited with exit code 130.

Resource usage summary:

    CPU time :                                   10.00 sec.
    Max Memory :                                 195 MB
    Average Memory :                             195.00 MB
    Total Requested Memory :                     1024.00 MB
    Delta Memory :                               829.00 MB
    Max Swap :                                   -
    Max Processes :                              4
    Max Threads :                                5
    Run time :                                   67 sec.
    Turnaround time :                            12 sec.

The output (if any) is above this job summary.

