/zhome/97/2/198344/.lsbatch/1737132393.23785712.shell: line 1: syntax error near unexpected token `newline'
/zhome/97/2/198344/.lsbatch/1737132393.23785712.shell: line 1: `bsub> '

------------------------------------------------------------
Sender: LSF System <lsfadmin@hpc.dtu.dk>
Subject: Job 23785712: <NONAME> in cluster <dcc> Exited

Job <NONAME> was submitted from host <n-62-27-23> by user <s230274> in cluster <dcc> at Fri Jan 17 17:46:33 2025
Job was executed on host(s) <n-62-31-23>, in queue <hpc>, as user <s230274> in cluster <dcc> at Fri Jan 17 17:46:33 2025
</zhome/97/2/198344> was used as the home directory.
</zhome/97/2/198344/assignment_2/his_version> was used as the working directory.
Started at Fri Jan 17 17:46:33 2025
Terminated at Fri Jan 17 17:46:34 2025
Results reported at Fri Jan 17 17:46:34 2025

Your job looked like:

------------------------------------------------------------
# LSBATCH: User input
bsub> 
------------------------------------------------------------

Exited with exit code 2.

Resource usage summary:

    CPU time :                                   0.50 sec.
    Max Memory :                                 -
    Average Memory :                             -
    Total Requested Memory :                     1024.00 MB
    Delta Memory :                               -
    Max Swap :                                   -
    Max Processes :                              -
    Max Threads :                                -
    Run time :                                   65 sec.
    Turnaround time :                            1 sec.

The output (if any) is above this job summary.

